2025-08-29 07:52:48 [INFO] Payment processed successfully
2025-08-29 07:52:48 [DEBUG] Database deadlock detected
2025-08-29 07:52:48 [DEBUG] Database connection established
2025-08-29 07:52:48 [DEBUG] Email sent to user
2025-08-29 07:52:48 [INFO] User session expired
2025-08-29 07:52:48 [INFO] Payment processed successfully
2025-08-29 07:52:48 [ERROR] User logged in successfully
2025-08-29 07:52:48 [ERROR] Invalid user credentials
2025-08-29 07:52:48 [WARN] Cache miss for key user_profile
2025-08-29 07:52:48 [INFO] User session expired
2025-08-29 07:52:48 [WARN] Database deadlock detected
2025-08-29 07:52:48 [WARN] User logged in successfully
2025-08-29 07:52:48 [INFO] Cache miss for key user_profile
2025-08-29 07:52:48 [DEBUG] Invalid user credentials
2025-08-29 07:52:48 [ERROR] Unhandled exception occurred in controller
2025-08-29 07:52:48 [ERROR] Email sent to user
2025-08-29 07:52:48 [WARN] Cache miss for key user_profile
2025-08-29 07:52:48 [INFO] Invalid user credentials
2025-08-29 07:52:48 [INFO] Cache miss for key user_profile
2025-08-29 07:52:48 [DEBUG] Null pointer exception in service layer
2025-08-29 07:52:48 [FATAL] Null pointer exception in service blinskiy
