2025-08-29 07:52:48 [INFO] Kernel panic detected
2025-08-29 07:52:48 [INFO] CPU temperature normal
2025-08-29 07:52:48 [WARN] CPU temperature normal
2025-08-29 07:52:48 [WARN] Kernel panic detected
2025-08-29 07:52:48 [WARN] Scheduled task executed
2025-08-29 07:52:48 [WARN] Kernel panic detected
2025-08-29 07:52:48 [WARN] Network interface eth0 up
2025-08-29 07:52:48 [DEBUG] Scheduled task executed
2025-08-29 07:52:48 [DEBUG] System boot completed
2025-08-29 07:52:48 [DEBUG] Process terminated unexpectedly
2025-08-29 07:52:48 [INFO] Disk check completed
2025-08-29 07:52:48 [WARN] Disk check completed
2025-08-29 07:52:48 [INFO] Network interface eth0 up
2025-08-29 07:52:48 [INFO] Kernel panic detected
2025-08-29 07:52:48 [INFO] Low memory warning
2025-08-29 07:52:48 [WARN] Low memory warning
2025-08-29 07:52:48 [ERROR] Process terminated unexpectedly
2025-08-29 07:52:48 [ERROR] Low memory warning
2025-08-29 07:52:48 [DEBUG] Network interface eth0 up
2025-08-29 07:52:48 [ERROR] Disk check completed
2025-08-29 07:52:48 [WARN] Process terminated unexpectedly
